<?xml version="1.0" encoding="UTF-8"?>
<!-- Generated by org.testng.reporters.JUnitXMLReporter -->
<testsuite ignored="0" hostname="DESKTOP-UV9IBSN" failures="0" tests="4" name="Default test" time="35.344" errors="0" timestamp="2023-03-03T16:15:51 IST">
  <testcase classname="com.innovation.test.FlipkartAutomationTest" name="lauchApplication" time="4.99"/>
  <testcase classname="com.innovation.test.FlipkartAutomationTest" name="verifyAndClosePopUP" time="4.205"/>
  <testcase classname="com.innovation.test.FlipkartAutomationTest" name="clickAndVerifyBanner" time="20.886"/>
  <testcase classname="com.innovation.test.FlipkartAutomationTest" name="hoverElectronicsMenuAndPrintSubMenu" time="5.193"/>
</testsuite> <!-- Default test -->
