<?xml version="1.0" encoding="UTF-8"?>
<!-- Generated by org.testng.reporters.JUnitXMLReporter -->
<testsuite ignored="0" hostname="DESKTOP-UV9IBSN" failures="0" tests="4" name="Test" time="0.047" errors="0" timestamp="2023-03-03T11:37:55 IST">
  <testcase classname="com.innovation.base.BaseLibrary" name="@BeforeSuite setup" time="-1.677823675751E9">
    <failure type="org.testng.TestNGException" message="
Can inject only one of &amp;lt;ITestContext, XmlTest&amp;gt; into a @BeforeSuite annotated setup.
For more information on native dependency injection please refer to https://testng.org/doc/documentation-main.html#native-dependency-injection">
      <![CDATA[org.testng.TestNGException: 
Can inject only one of <ITestContext, XmlTest> into a @BeforeSuite annotated setup.
For more information on native dependency injection please refer to https://testng.org/doc/documentation-main.html#native-dependency-injection
... Removed 16 stack frames]]>
    </failure>
  </testcase> <!-- @BeforeSuite setup -->
  <testcase classname="com.innovation.test.FlipkartAutomationTest" name="lauchApplication" time="0.0">
    <skipped/>
  </testcase> <!-- lauchApplication -->
  <testcase classname="com.innovation.test.FlipkartAutomationTest" name="verifyAndClosePopUP" time="0.0">
    <skipped/>
  </testcase> <!-- verifyAndClosePopUP -->
  <testcase classname="com.innovation.test.FlipkartAutomationTest" name="clickAndVerifyBanner" time="0.0">
    <skipped/>
  </testcase> <!-- clickAndVerifyBanner -->
  <testcase classname="com.innovation.test.FlipkartAutomationTest" name="hoverElectronicsMenuAndPrintSubMenu" time="0.0">
    <skipped/>
  </testcase> <!-- hoverElectronicsMenuAndPrintSubMenu -->
</testsuite> <!-- Test -->
