<?xml version="1.0" encoding="UTF-8"?>
<testng-results ignored="0" total="4" passed="4" failed="0" skipped="0">
  <reporter-output>
  </reporter-output>
  <suite started-at="2023-03-03T16:15:15 IST" name="Default suite" finished-at="2023-03-03T16:15:51 IST" duration-ms="35344">
    <groups>
    </groups>
    <test started-at="2023-03-03T16:15:15 IST" name="Default test" finished-at="2023-03-03T16:15:51 IST" duration-ms="35344">
      <class name="com.innovation.test.FlipkartAutomationTest">
        <test-method signature="lauchApplication()[pri:0, instance:com.innovation.test.FlipkartAutomationTest@67c33749]" started-at="2023-03-03T16:15:15 IST" name="lauchApplication" finished-at="2023-03-03T16:15:20 IST" duration-ms="4990" status="PASS">
          <reporter-output>
          </reporter-output>
        </test-method> <!-- lauchApplication -->
        <test-method signature="verifyAndClosePopUP()[pri:1, instance:com.innovation.test.FlipkartAutomationTest@67c33749]" started-at="2023-03-03T16:15:20 IST" name="verifyAndClosePopUP" finished-at="2023-03-03T16:15:24 IST" duration-ms="4205" status="PASS">
          <reporter-output>
          </reporter-output>
        </test-method> <!-- verifyAndClosePopUP -->
        <test-method signature="clickAndVerifyBanner()[pri:2, instance:com.innovation.test.FlipkartAutomationTest@67c33749]" started-at="2023-03-03T16:15:24 IST" name="clickAndVerifyBanner" finished-at="2023-03-03T16:15:45 IST" duration-ms="20886" status="PASS">
          <reporter-output>
          </reporter-output>
        </test-method> <!-- clickAndVerifyBanner -->
        <test-method signature="hoverElectronicsMenuAndPrintSubMenu()[pri:3, instance:com.innovation.test.FlipkartAutomationTest@67c33749]" started-at="2023-03-03T16:15:45 IST" name="hoverElectronicsMenuAndPrintSubMenu" finished-at="2023-03-03T16:15:51 IST" duration-ms="5193" status="PASS">
          <reporter-output>
          </reporter-output>
        </test-method> <!-- hoverElectronicsMenuAndPrintSubMenu -->
        <test-method is-config="true" signature="tearDown()[pri:0, instance:com.innovation.test.FlipkartAutomationTest@67c33749]" started-at="2023-03-03T16:15:51 IST" name="tearDown" finished-at="2023-03-03T16:15:56 IST" duration-ms="5293" status="PASS">
          <reporter-output>
          </reporter-output>
        </test-method> <!-- tearDown -->
      </class> <!-- com.innovation.test.FlipkartAutomationTest -->
    </test> <!-- Default test -->
  </suite> <!-- Default suite -->
</testng-results>
